<?xml version="1.0" encoding="UTF-8"?>
<!-- Generated by org.testng.reporters.JUnitReportReporter -->
<testsuite hostname="MSI" failures="0" tests="8" name="testrunner.TestNGTestRunner" time="0.114" errors="0" timestamp="2022-09-29T01:22:27 IST" skipped="0">
  <testcase classname="testrunner.TestNGTestRunner" name="runScenario" time="0.064"/>
  <system-out/>
  <testcase classname="testrunner.TestNGTestRunner" name="runScenario" time="0.006"/>
  <system-out/>
  <testcase classname="testrunner.TestNGTestRunner" name="runScenario" time="0.008"/>
  <system-out/>
  <testcase classname="testrunner.TestNGTestRunner" name="runScenario" time="0.006"/>
  <system-out/>
  <testcase classname="testrunner.TestNGTestRunner" name="runScenario" time="0.005"/>
  <system-out/>
  <testcase classname="testrunner.TestNGTestRunner" name="runScenario" time="0.007"/>
  <system-out/>
  <testcase classname="testrunner.TestNGTestRunner" name="runScenario" time="0.011"/>
  <system-out/>
  <testcase classname="testrunner.TestNGTestRunner" name="runScenario" time="0.007"/>
  <system-out/>
</testsuite> <!-- testrunner.TestNGTestRunner -->
